<?xml version="1.0" encoding="UTF-8"?>
<!-- Generated by org.testng.reporters.JUnitReportReporter -->
<testsuite skipped="0" hostname="LAPTOP-I2DQ2R0M" name="APIs.CreateNode" tests="1" failures="0" timestamp="26 Feb 2020 13:14:52 GMT" time="3.607" errors="0">
  <testcase name="NodeCreate" time="3.607" classname="APIs.CreateNode"/>
</testsuite> <!-- APIs.CreateNode -->
